# JRE version: OpenJDK Runtime Environment (8.0_282-b08) (build 1.8.0_282-b08)
# Java VM: OpenJDK 64-Bit Server VM (25.282-b08 mixed mode windows-amd64 compressed oops)
Heap:
 PSYoungGen      total 69632K, used 3803K [0x00000000d5f00000, 0x00000000dbb00000, 0x0000000100000000)
  eden space 64512K, 5% used [0x00000000d5f00000,0x00000000d62b6e48,0x00000000d9e00000)
  from space 5120K, 0% used [0x00000000da000000,0x00000000da000000,0x00000000da500000)
  to   space 14848K, 0% used [0x00000000dac80000,0x00000000dac80000,0x00000000dbb00000)
 ParOldGen       total 78336K, used 20459K [0x0000000081c00000, 0x0000000086880000, 0x00000000d5f00000)
  object space 78336K, 26% used [0x0000000081c00000,0x0000000082ffaf98,0x0000000086880000)
 Metaspace       used 21258K, capacity 21548K, committed 21680K, reserved 1069056K
  class space    used 2678K, capacity 2750K, committed 2816K, reserved 1048576K
GC Heap History (10 events):
Event: 19.435 GC heap before
{Heap before GC invocations=2 (full 0):
 PSYoungGen      total 38400K, used 38370K [0x00000000d5f00000, 0x00000000d8980000, 0x0000000100000000)
  eden space 33280K, 100% used [0x00000000d5f00000,0x00000000d7f80000,0x00000000d7f80000)
  from space 5120K, 99% used [0x00000000d7f80000,0x00000000d84789e8,0x00000000d8480000)
  to   space 5120K, 0% used [0x00000000d8480000,0x00000000d8480000,0x00000000d8980000)
 ParOldGen       total 87552K, used 1800K [0x0000000081c00000, 0x0000000087180000, 0x00000000d5f00000)
  object space 87552K, 2% used [0x0000000081c00000,0x0000000081dc21a8,0x0000000087180000)
 Metaspace       used 8648K, capacity 8808K, committed 9088K, reserved 1056768K
  class space    used 1036K, capacity 1076K, committed 1152K, reserved 1048576K
Event: 19.551 GC heap after
Heap after GC invocations=2 (full 0):
 PSYoungGen      total 38400K, used 5109K [0x00000000d5f00000, 0x00000000d8980000, 0x0000000100000000)
  eden space 33280K, 0% used [0x00000000d5f00000,0x00000000d5f00000,0x00000000d7f80000)
  from space 5120K, 99% used [0x00000000d8480000,0x00000000d897d560,0x00000000d8980000)
  to   space 5120K, 0% used [0x00000000d7f80000,0x00000000d7f80000,0x00000000d8480000)
 ParOldGen       total 87552K, used 11232K [0x0000000081c00000, 0x0000000087180000, 0x00000000d5f00000)
  object space 87552K, 12% used [0x0000000081c00000,0x00000000826f83d0,0x0000000087180000)
 Metaspace       used 8648K, capacity 8808K, committed 9088K, reserved 1056768K
  class space    used 1036K, capacity 1076K, committed 1152K, reserved 1048576K
}
Event: 26.797 GC heap before
{Heap before GC invocations=3 (full 0):
 PSYoungGen      total 38400K, used 38389K [0x00000000d5f00000, 0x00000000d8980000, 0x0000000100000000)
  eden space 33280K, 100% used [0x00000000d5f00000,0x00000000d7f80000,0x00000000d7f80000)
  from space 5120K, 99% used [0x00000000d8480000,0x00000000d897d560,0x00000000d8980000)
  to   space 5120K, 0% used [0x00000000d7f80000,0x00000000d7f80000,0x00000000d8480000)
 ParOldGen       total 87552K, used 11232K [0x0000000081c00000, 0x0000000087180000, 0x00000000d5f00000)
  object space 87552K, 12% used [0x0000000081c00000,0x00000000826f83d0,0x0000000087180000)
 Metaspace       used 12106K, capacity 12244K, committed 12416K, reserved 1060864K
  class space    used 1517K, capacity 1558K, committed 1664K, reserved 1048576K
Event: 26.903 GC heap after
Heap after GC invocations=3 (full 0):
 PSYoungGen      total 38400K, used 5111K [0x00000000d5f00000, 0x00000000daa00000, 0x0000000100000000)
  eden space 33280K, 0% used [0x00000000d5f00000,0x00000000d5f00000,0x00000000d7f80000)
  from space 5120K, 99% used [0x00000000d7f80000,0x00000000d847dfe0,0x00000000d8480000)
  to   space 5120K, 0% used [0x00000000da500000,0x00000000da500000,0x00000000daa00000)
 ParOldGen       total 87552K, used 18499K [0x0000000081c00000, 0x0000000087180000, 0x00000000d5f00000)
  object space 87552K, 21% used [0x0000000081c00000,0x0000000082e10c18,0x0000000087180000)
 Metaspace       used 12106K, capacity 12244K, committed 12416K, reserved 1060864K
  class space    used 1517K, capacity 1558K, committed 1664K, reserved 1048576K
}
Event: 38.976 GC heap before
{Heap before GC invocations=4 (full 0):
 PSYoungGen      total 38400K, used 38391K [0x00000000d5f00000, 0x00000000daa00000, 0x0000000100000000)
  eden space 33280K, 100% used [0x00000000d5f00000,0x00000000d7f80000,0x00000000d7f80000)
  from space 5120K, 99% used [0x00000000d7f80000,0x00000000d847dfe0,0x00000000d8480000)
  to   space 5120K, 0% used [0x00000000da500000,0x00000000da500000,0x00000000daa00000)
 ParOldGen       total 87552K, used 18499K [0x0000000081c00000, 0x0000000087180000, 0x00000000d5f00000)
  object space 87552K, 21% used [0x0000000081c00000,0x0000000082e10c18,0x0000000087180000)
 Metaspace       used 15969K, capacity 16106K, committed 16256K, reserved 1062912K
  class space    used 2067K, capacity 2111K, committed 2176K, reserved 1048576K
Event: 39.098 GC heap after
Heap after GC invocations=4 (full 0):
 PSYoungGen      total 71680K, used 5088K [0x00000000d5f00000, 0x00000000daa00000, 0x0000000100000000)
  eden space 66560K, 0% used [0x00000000d5f00000,0x00000000d5f00000,0x00000000da000000)
  from space 5120K, 99% used [0x00000000da500000,0x00000000da9f8040,0x00000000daa00000)
  to   space 5120K, 0% used [0x00000000da000000,0x00000000da000000,0x00000000da500000)
 ParOldGen       total 87552K, used 24542K [0x0000000081c00000, 0x0000000087180000, 0x00000000d5f00000)
  object space 87552K, 28% used [0x0000000081c00000,0x00000000833f7860,0x0000000087180000)
 Metaspace       used 15969K, capacity 16106K, committed 16256K, reserved 1062912K
  class space    used 2067K, capacity 2111K, committed 2176K, reserved 1048576K
}
Event: 60.484 GC heap before
{Heap before GC invocations=5 (full 0):
 PSYoungGen      total 71680K, used 58149K [0x00000000d5f00000, 0x00000000daa00000, 0x0000000100000000)
  eden space 66560K, 79% used [0x00000000d5f00000,0x00000000d92d1500,0x00000000da000000)
  from space 5120K, 99% used [0x00000000da500000,0x00000000da9f8040,0x00000000daa00000)
  to   space 5120K, 0% used [0x00000000da000000,0x00000000da000000,0x00000000da500000)
 ParOldGen       total 87552K, used 24542K [0x0000000081c00000, 0x0000000087180000, 0x00000000d5f00000)
  object space 87552K, 28% used [0x0000000081c00000,0x00000000833f7860,0x0000000087180000)
 Metaspace       used 20895K, capacity 21164K, committed 21296K, reserved 1069056K
  class space    used 2629K, capacity 2686K, committed 2688K, reserved 1048576K
Event: 60.586 GC heap after
Heap after GC invocations=5 (full 0):
 PSYoungGen      total 69632K, used 5104K [0x00000000d5f00000, 0x00000000dbb00000, 0x0000000100000000)
  eden space 64512K, 0% used [0x00000000d5f00000,0x00000000d5f00000,0x00000000d9e00000)
  from space 5120K, 99% used [0x00000000da000000,0x00000000da4fc020,0x00000000da500000)
  to   space 14848K, 0% used [0x00000000dac80000,0x00000000dac80000,0x00000000dbb00000)
 ParOldGen       total 87552K, used 30838K [0x0000000081c00000, 0x0000000087180000, 0x00000000d5f00000)
  object space 87552K, 35% used [0x0000000081c00000,0x0000000083a1db48,0x0000000087180000)
 Metaspace       used 20895K, capacity 21164K, committed 21296K, reserved 1069056K
  class space    used 2629K, capacity 2686K, committed 2688K, reserved 1048576K
}
Event: 60.586 GC heap before
{Heap before GC invocations=6 (full 1):
 PSYoungGen      total 69632K, used 5104K [0x00000000d5f00000, 0x00000000dbb00000, 0x0000000100000000)
  eden space 64512K, 0% used [0x00000000d5f00000,0x00000000d5f00000,0x00000000d9e00000)
  from space 5120K, 99% used [0x00000000da000000,0x00000000da4fc020,0x00000000da500000)
  to   space 14848K, 0% used [0x00000000dac80000,0x00000000dac80000,0x00000000dbb00000)
 ParOldGen       total 87552K, used 30838K [0x0000000081c00000, 0x0000000087180000, 0x00000000d5f00000)
  object space 87552K, 35% used [0x0000000081c00000,0x0000000083a1db48,0x0000000087180000)
 Metaspace       used 20895K, capacity 21164K, committed 21296K, reserved 1069056K
  class space    used 2629K, capacity 2686K, committed 2688K, reserved 1048576K
Event: 60.994 GC heap after
Heap after GC invocations=6 (full 1):
 PSYoungGen      total 69632K, used 0K [0x00000000d5f00000, 0x00000000dbb00000, 0x0000000100000000)
  eden space 64512K, 0% used [0x00000000d5f00000,0x00000000d5f00000,0x00000000d9e00000)
  from space 5120K, 0% used [0x00000000da000000,0x00000000da000000,0x00000000da500000)
  to   space 14848K, 0% used [0x00000000dac80000,0x00000000dac80000,0x00000000dbb00000)
 ParOldGen       total 78336K, used 20459K [0x0000000081c00000, 0x0000000086880000, 0x00000000d5f00000)
  object space 78336K, 26% used [0x0000000081c00000,0x0000000082ffaf98,0x0000000086880000)
 Metaspace       used 20895K, capacity 21164K, committed 21296K, reserved 1069056K
  class space    used 2629K, capacity 2686K, committed 2688K, reserved 1048576K
}

